2021-12-27 16.47.37.00037  >>>  Buscando archivos en la ruta: 'C:\Users\Daniel'
2021-12-27 16.47.37.00037  >>>  Leyendo el archivo: 'PCVHS27.txt'
2021-12-27 16.47.37.00037  >>>  Preparándose para escribir el archivo 'HS27.xml'
2021-12-27 16.47.37.00037  >>>  Escribiendo las etiquetas <request> ... </request>
2021-12-27 16.47.37.00037  >>>  Escribiendo las etiquetas <responseHeader> ... </responseHeader>
2021-12-27 16.47.37.00037  >>>  Escribiendo las etiquetas <responseBody> ... </responseBody>
2021-12-27 16.47.37.00037  >>>  HS27.xml --- OK ---
2021-12-27 16.48.12.00012  >>>  Buscando archivos en la ruta: 'C:\Users\Daniel'
2021-12-27 16.48.12.00012  >>>  Leyendo el archivo: 'PCVHS27.txt'
2021-12-27 16.48.12.00012  >>>  Preparándose para escribir el archivo 'HS27.xml'
2021-12-27 16.48.12.00012  >>>  Escribiendo las etiquetas <request> ... </request>
2021-12-27 16.48.12.00012  >>>  Escribiendo las etiquetas <responseHeader> ... </responseHeader>
2021-12-27 16.48.12.00012  >>>  Escribiendo las etiquetas <responseBody> ... </responseBody>
2021-12-27 16.48.12.00012  >>>  HS27.xml --- OK ---
2021-12-27 16.52.22.00022  >>>  Buscando archivos en la ruta: 'C:\Users\Daniel'
2021-12-27 16.52.22.00022  >>>  Leyendo el archivo: 'PCVHS27.txt'
2021-12-27 16.52.22.00022  >>>  Preparándose para escribir el archivo 'HS27.xml'
2021-12-27 16.52.22.00022  >>>  Escribiendo las etiquetas <request> ... </request>
2021-12-27 16.52.22.00022  >>>  Escribiendo las etiquetas <responseHeader> ... </responseHeader>
2021-12-27 16.52.22.00022  >>>  Escribiendo las etiquetas <responseBody> ... </responseBody>
2021-12-27 16.52.22.00022  >>>  HS27.xml --- OK ---
2021-12-27 16.53.20.00020  >>>  Buscando archivos en la ruta: 'C:\Users\Daniel'
2021-12-27 16.53.20.00020  >>>  Leyendo el archivo: 'PCVHS27.txt'
2021-12-27 16.53.20.00020  >>>  Preparándose para escribir el archivo 'HS27.xml'
2021-12-27 16.53.20.00020  >>>  Escribiendo las etiquetas <request> ... </request>
2021-12-27 16.53.20.00020  >>>  Escribiendo las etiquetas <responseHeader> ... </responseHeader>
2021-12-27 16.53.20.00020  >>>  Escribiendo las etiquetas <responseBody> ... </responseBody>
2021-12-27 16.53.20.00020  >>>  HS27.xml --- OK ---
2021-12-27 16.53.32.00032  >>>  Buscando archivos en la ruta: 'C:\Users\Daniel'
2021-12-27 16.53.32.00032  >>>  Leyendo el archivo: 'PCVHS27.txt'
2021-12-27 16.54.12.00012  >>>  Preparándose para escribir el archivo 'HS27.xml'
2021-12-27 16.54.12.00012  >>>  Escribiendo las etiquetas <request> ... </request>
2021-12-27 16.54.12.00012  >>>  Escribiendo las etiquetas <responseHeader> ... </responseHeader>
2021-12-27 16.54.12.00012  >>>  Escribiendo las etiquetas <responseBody> ... </responseBody>
2021-12-27 16.54.12.00012  >>>  HS27.xml --- OK ---
2021-12-27 16.54.27.00027  >>>  Buscando archivos en la ruta: 'C:\Users\Daniel'
2021-12-27 16.54.27.00027  >>>  Leyendo el archivo: 'PCVHS27.txt'
2021-12-27 16.55.46.00046  >>>  Preparándose para escribir el archivo 'HS27.xml'
2021-12-27 16.55.46.00046  >>>  Escribiendo las etiquetas <request> ... </request>
2021-12-27 16.55.46.00046  >>>  Escribiendo las etiquetas <responseHeader> ... </responseHeader>
2021-12-27 16.55.46.00046  >>>  Escribiendo las etiquetas <responseBody> ... </responseBody>
2021-12-27 16.55.46.00046  >>>  HS27.xml --- OK ---
2021-12-27 16.55.57.00057  >>>  Buscando archivos en la ruta: 'C:\Users\Daniel'
2021-12-27 16.55.57.00057  >>>  Leyendo el archivo: 'PCVHS27.txt'
2021-12-27 16.55.57.00057  >>>  Preparándose para escribir el archivo 'HS27.xml'
2021-12-27 16.55.57.00057  >>>  Escribiendo las etiquetas <request> ... </request>
2021-12-27 16.55.57.00057  >>>  Escribiendo las etiquetas <responseHeader> ... </responseHeader>
2021-12-27 16.55.57.00057  >>>  Escribiendo las etiquetas <responseBody> ... </responseBody>
2021-12-27 16.55.57.00057  >>>  HS27.xml --- OK ---
2021-12-27 16.56.16.00016  >>>  Buscando archivos en la ruta: 'C:\Users\Daniel'
2021-12-27 16.56.16.00016  >>>  Leyendo el archivo: 'PCVHS27.txt'
2021-12-27 16.56.39.00039  >>>  Preparándose para escribir el archivo 'HS27.xml'
2021-12-27 16.56.39.00039  >>>  Escribiendo las etiquetas <request> ... </request>
2021-12-27 16.56.39.00039  >>>  Escribiendo las etiquetas <responseHeader> ... </responseHeader>
2021-12-27 16.56.39.00039  >>>  Escribiendo las etiquetas <responseBody> ... </responseBody>
2021-12-27 16.56.39.00039  >>>  HS27.xml --- OK ---
2021-12-27 16.56.44.00044  >>>  Buscando archivos en la ruta: 'C:\Users\Daniel'
2021-12-27 16.56.44.00044  >>>  Leyendo el archivo: 'PCVHS27.txt'
2021-12-27 16.57.50.00050  >>>  Preparándose para escribir el archivo 'HS27.xml'
2021-12-27 16.57.50.00050  >>>  Escribiendo las etiquetas <request> ... </request>
2021-12-27 16.58.12.00012  >>>  Buscando archivos en la ruta: 'C:\Users\Daniel'
2021-12-27 16.58.12.00012  >>>  Leyendo el archivo: 'PCVHS27.txt'
2021-12-27 16.58.12.00012  >>>  Preparándose para escribir el archivo 'HS27.xml'
2021-12-27 16.58.12.00012  >>>  Escribiendo las etiquetas <request> ... </request>
2021-12-27 16.58.12.00012  >>>  Escribiendo las etiquetas <responseHeader> ... </responseHeader>
2021-12-27 16.58.12.00012  >>>  Escribiendo las etiquetas <responseBody> ... </responseBody>
2021-12-27 16.58.12.00012  >>>  HS27.xml --- OK ---
2021-12-27 16.59.00.00000  >>>  Buscando archivos en la ruta: 'C:\Users\Daniel'
2021-12-27 16.59.00.00000  >>>  Leyendo el archivo: 'PCVHS27.txt'
2021-12-27 16.59.00.00000  >>>  Preparándose para escribir el archivo 'HS27.xml'
2021-12-27 16.59.00.00000  >>>  Escribiendo las etiquetas <request> ... </request>
2021-12-27 16.59.00.00000  >>>  Escribiendo las etiquetas <responseHeader> ... </responseHeader>
2021-12-27 16.59.00.00000  >>>  Escribiendo las etiquetas <responseBody> ... </responseBody>
2021-12-27 16.59.00.00000  >>>  HS27.xml --- OK ---
2021-12-27 17.04.16.00016  >>>  Buscando archivos en la ruta: 'C:\Users\Daniel'
2021-12-27 17.04.16.00016  >>>  Leyendo el archivo: 'PCVHS27.txt'
2021-12-27 17.04.16.00016  >>>  Preparándose para escribir el archivo 'HS27.xml'
2021-12-27 17.04.16.00016  >>>  Escribiendo las etiquetas <request> ... </request>
2021-12-27 17.04.16.00016  >>>  Escribiendo las etiquetas <responseHeader> ... </responseHeader>
2021-12-27 17.04.16.00016  >>>  Escribiendo las etiquetas <responseBody> ... </responseBody>
2021-12-27 17.04.16.00016  >>>  HS27.xml --- OK ---
